<?xml version="1.0" encoding="UTF-8"?>
<testsuite xmlns:xsi="http://www.w3.org/2001/XMLSchema-instance" xsi:noNamespaceSchemaLocation="https://maven.apache.org/surefire/maven-surefire-plugin/xsd/surefire-test-report.xsd" version="3.0.2" name="uz.pdp.service.DoorServiceTest" time="0.142" tests="10" errors="0" skipped="0" failures="0">
  <properties>
[...]
</properties>
  <testcase name="testConfigureDoor_Success" classname="uz.pdp.service.DoorServiceTest" time="0.098"/>
  <testcase name="testConfigureDoor_NotFound" classname="uz.pdp.service.DoorServiceTest" time="0.003"/>
  <testcase name="testGetDoor_NotFound" classname="uz.pdp.service.DoorServiceTest" time="0.004"/>
  <testcase name="testDeleteDoor_NotFound" classname="uz.pdp.service.DoorServiceTest" time="0.003"/>
  <testcase name="testUpdateDoor_NotFound" classname="uz.pdp.service.DoorServiceTest" time="0.004"/>
  <testcase name="testGetAllDoors_Success" classname="uz.pdp.service.DoorServiceTest" time="0.002"/>
  <testcase name="testCreateDoor_Success" classname="uz.pdp.service.DoorServiceTest" time="0.004"/>
  <testcase name="testDeleteDoor_Success" classname="uz.pdp.service.DoorServiceTest" time="0.007"/>
  <testcase name="testGetDoor_Success" classname="uz.pdp.service.DoorServiceTest" time="0.003"/>
  <testcase name="testUpdateDoor_Success" classname="uz.pdp.service.DoorServiceTest" time="0.004"/>
</testsuite>